<?xml version="1.0" encoding="UTF-8"?><testsuites tests="3" skipped="0" errors="0" failures="0" name="test-devices.js" time="0"><testsuite tests="3" skipped="0" errors="0" failures="0" name="test-devices.js" time="0" timestamp="2020-04-15T17:54:30.712Z"><testcase name="RelayOutput" classname="test-devices.js" assertions="5" status="success" time="0.003"></testcase><testcase name="Button to Relay" classname="test-devices.js" assertions="2" status="success" time="0.048"></testcase><testcase name="Button to Scene to Relays" classname="test-devices.js" assertions="4" status="success" time="0.006"></testcase></testsuite></testsuites>