<?xml version="1.0" encoding="UTF-8"?><testsuites tests="1" skipped="0" errors="0" failures="0" name="test-house.js" time="0"><testsuite tests="1" skipped="0" errors="0" failures="0" name="test-house.js" time="0" timestamp="2020-04-15T17:54:33.561Z"><testcase name="init house" classname="test-house.js" assertions="11" status="success" time="-1586955273.561"></testcase></testsuite></testsuites>