<?xml version="1.0" encoding="UTF-8"?><testsuites tests="10" skipped="0" errors="0" failures="0" name="test-scheduler.js" time="0"><testsuite tests="10" skipped="0" errors="0" failures="0" name="test-scheduler.js" time="0" timestamp="2020-04-16T06:31:59.674Z"><testcase name="TimeRule class" classname="test-scheduler.js" assertions="4" status="success" time="0.009"></testcase><testcase name="Scheduler single rule" classname="test-scheduler.js" assertions="8" status="success" time="0.007"></testcase><testcase name="Scheduler two rules and default deactivated" classname="test-scheduler.js" assertions="14" status="success" time="0.004"></testcase><testcase name="Scheduler two rules and default" classname="test-scheduler.js" assertions="10" status="success" time="0.035"></testcase><testcase name="Scheduler single rule with zero length" classname="test-scheduler.js" assertions="6" status="success" time="0.002"></testcase><testcase name="TimeRule spanning midnight" classname="test-scheduler.js" assertions="8" status="success" time="0.021"></testcase><testcase name="SunRule class" classname="test-scheduler.js" assertions="4" status="success" time="0.001"></testcase><testcase name="SunRule in Scheduler" classname="test-scheduler.js" assertions="4" status="success" time="0.003"></testcase><testcase name="SunRule in Scheduler September" classname="test-scheduler.js" assertions="2" status="success" time="0.002"></testcase><testcase name="nextTickTime" classname="test-scheduler.js" assertions="3" status="success" time="0"></testcase></testsuite></testsuites>