<?xml version="1.0" encoding="UTF-8"?><testsuites tests="2" skipped="0" errors="0" failures="0" name="test-sunscreen.js" time="0"><testsuite tests="2" skipped="0" errors="0" failures="0" name="test-sunscreen.js" time="0" timestamp="2020-04-15T17:54:33.339Z"><testcase name="Sunscreen up" classname="test-sunscreen.js" assertions="16" status="success" time="-97567418.339"></testcase><testcase name="Sunscreen down" classname="test-sunscreen.js" assertions="16" status="success" time="0"></testcase></testsuite></testsuites>