<?xml version="1.0" encoding="UTF-8"?><testsuites tests="2" skipped="0" errors="0" failures="0" name="test-sunscreen.js" time="0"><testsuite tests="2" skipped="0" errors="0" failures="0" name="test-sunscreen.js" time="0" timestamp="2020-04-16T06:32:00.179Z"><testcase name="Sunscreen up" classname="test-sunscreen.js" assertions="16" status="success" time="0.027"></testcase><testcase name="Sunscreen down" classname="test-sunscreen.js" assertions="16" status="success" time="0.004"></testcase></testsuite></testsuites>