<?xml version="1.0" encoding="UTF-8"?><testsuites tests="4" skipped="0" errors="0" failures="0" name="test-address.js" time="0"><testsuite tests="4" skipped="0" errors="0" failures="0" name="test-address.js" time="0" timestamp="2020-04-16T06:31:55.824Z"><testcase name="buttons" classname="test-address.js" assertions="3" status="success" time="0.001"></testcase><testcase name="actor" classname="test-address.js" assertions="1" status="success" time="0"></testcase><testcase name="parse address" classname="test-address.js" assertions="4" status="success" time="0.009"></testcase><testcase name="address toString()" classname="test-address.js" assertions="2" status="success" time="0"></testcase></testsuite></testsuites>