<?xml version="1.0" encoding="UTF-8"?><testsuites tests="18" skipped="0" errors="0" failures="0" name="test-buttonset.js" time="0"><testsuite tests="18" skipped="0" errors="0" failures="0" name="test-buttonset.js" time="0" timestamp="2020-04-15T17:54:30.968Z"><testcase name="beforeEach press a button" classname="test-buttonset.js" assertions="0" status="success" time="-1586973270.968"></testcase><testcase name="press a button" classname="test-buttonset.js" assertions="6" status="success" time="0"></testcase><testcase name="afterEach press a button" classname="test-buttonset.js" assertions="0" status="success" time="1586973271.017"></testcase><testcase name="beforeEach hold a button as short as possible" classname="test-buttonset.js" assertions="0" status="success" time="-1586973271.017"></testcase><testcase name="hold a button as short as possible" classname="test-buttonset.js" assertions="6" status="success" time="0"></testcase><testcase name="afterEach hold a button as short as possible" classname="test-buttonset.js" assertions="0" status="success" time="1586973271.044"></testcase><testcase name="beforeEach hold a button two periods" classname="test-buttonset.js" assertions="0" status="success" time="-1586973271.044"></testcase><testcase name="hold a button two periods" classname="test-buttonset.js" assertions="6" status="success" time="0.11"></testcase><testcase name="afterEach hold a button two periods" classname="test-buttonset.js" assertions="0" status="success" time="1586973270.941"></testcase><testcase name="beforeEach hold two buttons two periods" classname="test-buttonset.js" assertions="0" status="success" time="-1586973271.051"></testcase><testcase name="hold two buttons two periods" classname="test-buttonset.js" assertions="12" status="success" time="0.12"></testcase><testcase name="afterEach hold two buttons two periods" classname="test-buttonset.js" assertions="0" status="success" time="1586973270.942"></testcase><testcase name="beforeEach press during hold" classname="test-buttonset.js" assertions="0" status="success" time="-1586973271.062"></testcase><testcase name="press during hold" classname="test-buttonset.js" assertions="8" status="success" time="0"></testcase><testcase name="afterEach press during hold" classname="test-buttonset.js" assertions="0" status="success" time="1586973271.066"></testcase><testcase name="beforeEach button number mappings" classname="test-buttonset.js" assertions="0" status="success" time="-1586973271.066"></testcase><testcase name="button number mappings" classname="test-buttonset.js" assertions="16" status="success" time="0"></testcase><testcase name="afterEach button number mappings" classname="test-buttonset.js" assertions="0" status="success" time="1586973271.069"></testcase></testsuite></testsuites>