<?xml version="1.0" encoding="UTF-8"?><testsuites tests="3" skipped="0" errors="0" failures="0" name="test-sinon.js" time="0"><testsuite tests="3" skipped="0" errors="0" failures="0" name="test-sinon.js" time="0" timestamp="2020-04-15T17:54:32.630Z"><testcase name="beforeEach calls callback after 100ms" classname="test-sinon.js" assertions="0" status="success" time="-1586973272.63"></testcase><testcase name="calls callback after 100ms" classname="test-sinon.js" assertions="2" status="success" time="0.1"></testcase><testcase name="afterEach calls callback after 100ms" classname="test-sinon.js" assertions="0" status="success" time="1586973272.546"></testcase></testsuite></testsuites>