<?xml version="1.0" encoding="UTF-8"?><testsuites tests="18" skipped="0" errors="0" failures="0" name="test-buttonset.js" time="0"><testsuite tests="18" skipped="0" errors="0" failures="0" name="test-buttonset.js" time="0" timestamp="2020-04-16T06:31:57.952Z"><testcase name="beforeEach press a button" classname="test-buttonset.js" assertions="0" status="success" time="0.001"></testcase><testcase name="press a button" classname="test-buttonset.js" assertions="6" status="success" time="0.048"></testcase><testcase name="afterEach press a button" classname="test-buttonset.js" assertions="0" status="success" time="0"></testcase><testcase name="beforeEach hold a button as short as possible" classname="test-buttonset.js" assertions="0" status="success" time="0.001"></testcase><testcase name="hold a button as short as possible" classname="test-buttonset.js" assertions="6" status="success" time="0.013"></testcase><testcase name="afterEach hold a button as short as possible" classname="test-buttonset.js" assertions="0" status="success" time="0"></testcase><testcase name="beforeEach hold a button two periods" classname="test-buttonset.js" assertions="0" status="success" time="0.001"></testcase><testcase name="hold a button two periods" classname="test-buttonset.js" assertions="6" status="success" time="0.009"></testcase><testcase name="afterEach hold a button two periods" classname="test-buttonset.js" assertions="0" status="success" time="0"></testcase><testcase name="beforeEach hold two buttons two periods" classname="test-buttonset.js" assertions="0" status="success" time="0"></testcase><testcase name="hold two buttons two periods" classname="test-buttonset.js" assertions="12" status="success" time="0.008"></testcase><testcase name="afterEach hold two buttons two periods" classname="test-buttonset.js" assertions="0" status="success" time="0"></testcase><testcase name="beforeEach press during hold" classname="test-buttonset.js" assertions="0" status="success" time="0"></testcase><testcase name="press during hold" classname="test-buttonset.js" assertions="8" status="success" time="0.004"></testcase><testcase name="afterEach press during hold" classname="test-buttonset.js" assertions="0" status="success" time="0"></testcase><testcase name="beforeEach button number mappings" classname="test-buttonset.js" assertions="0" status="success" time="0"></testcase><testcase name="button number mappings" classname="test-buttonset.js" assertions="16" status="success" time="0.001"></testcase><testcase name="afterEach button number mappings" classname="test-buttonset.js" assertions="0" status="success" time="0"></testcase></testsuite></testsuites>