<?xml version="1.0" encoding="UTF-8"?><testsuites tests="12" skipped="0" errors="0" failures="0" name="test-dimmeroutput.js" time="0"><testsuite tests="12" skipped="0" errors="0" failures="0" name="test-dimmeroutput.js" time="0" timestamp="2020-04-15T17:54:30.150Z"><testcase name="beforeEach DimmerOutput" classname="test-dimmeroutput.js" assertions="0" status="success" time="0"></testcase><testcase name="DimmerOutput" classname="test-dimmeroutput.js" assertions="4" status="success" time="0.002"></testcase><testcase name="beforeEach DimmerOutput smartOn" classname="test-dimmeroutput.js" assertions="0" status="success" time="0"></testcase><testcase name="DimmerOutput smartOn" classname="test-dimmeroutput.js" assertions="2" status="success" time="0.001"></testcase><testcase name="beforeEach DimmerOutput smartIncrease" classname="test-dimmeroutput.js" assertions="0" status="success" time="0"></testcase><testcase name="DimmerOutput smartIncrease" classname="test-dimmeroutput.js" assertions="2" status="success" time="0"></testcase><testcase name="beforeEach DimmerOutput smartOff" classname="test-dimmeroutput.js" assertions="0" status="success" time="0"></testcase><testcase name="DimmerOutput smartOff" classname="test-dimmeroutput.js" assertions="2" status="success" time="0"></testcase><testcase name="beforeEach DimmerOutput smartDecrease" classname="test-dimmeroutput.js" assertions="0" status="success" time="0"></testcase><testcase name="DimmerOutput smartDecrease" classname="test-dimmeroutput.js" assertions="3" status="success" time="0.001"></testcase><testcase name="beforeEach DimmerOutput increaseTo" classname="test-dimmeroutput.js" assertions="0" status="success" time="0"></testcase><testcase name="DimmerOutput increaseTo" classname="test-dimmeroutput.js" assertions="4" status="success" time="0.001"></testcase></testsuite></testsuites>